2022/01/13 06:55:35 [emerg] 1#1: host not found in upstream "fpm" in /etc/nginx/conf.d/default.conf:16
2022/01/13 06:56:03 [notice] 1#1: using the "epoll" event method
2022/01/13 06:56:03 [notice] 1#1: nginx/1.21.3
2022/01/13 06:56:03 [notice] 1#1: built by gcc 8.3.0 (Debian 8.3.0-6) 
2022/01/13 06:56:03 [notice] 1#1: OS: Linux 5.11.0-46-generic
2022/01/13 06:56:03 [notice] 1#1: getrlimit(RLIMIT_NOFILE): 1048576:1048576
2022/01/13 06:56:03 [notice] 1#1: start worker processes
2022/01/13 06:56:03 [notice] 1#1: start worker process 30
2022/01/13 06:56:03 [notice] 1#1: start worker process 31
2022/01/13 06:56:03 [notice] 1#1: start worker process 32
2022/01/13 06:56:03 [notice] 1#1: start worker process 33
2022/01/13 06:56:21 [notice] 1#1: signal 3 (SIGQUIT) received, shutting down
2022/01/13 06:56:21 [notice] 31#31: gracefully shutting down
2022/01/13 06:56:21 [notice] 33#33: gracefully shutting down
2022/01/13 06:56:21 [notice] 31#31: exiting
2022/01/13 06:56:21 [notice] 33#33: exiting
2022/01/13 06:56:21 [notice] 32#32: gracefully shutting down
2022/01/13 06:56:21 [notice] 32#32: exiting
2022/01/13 06:56:21 [notice] 33#33: exit
2022/01/13 06:56:21 [notice] 31#31: exit
2022/01/13 06:56:21 [notice] 32#32: exit
2022/01/13 06:56:21 [notice] 30#30: gracefully shutting down
2022/01/13 06:56:21 [notice] 30#30: exiting
2022/01/13 06:56:21 [notice] 30#30: exit
2022/01/13 06:56:21 [notice] 1#1: signal 17 (SIGCHLD) received from 31
2022/01/13 06:56:21 [notice] 1#1: worker process 31 exited with code 0
2022/01/13 06:56:21 [notice] 1#1: signal 29 (SIGIO) received
2022/01/13 06:56:21 [notice] 1#1: signal 17 (SIGCHLD) received from 33
2022/01/13 06:56:21 [notice] 1#1: worker process 33 exited with code 0
2022/01/13 06:56:21 [notice] 1#1: signal 29 (SIGIO) received
2022/01/13 06:56:21 [notice] 1#1: signal 17 (SIGCHLD) received from 30
2022/01/13 06:56:21 [notice] 1#1: worker process 30 exited with code 0
2022/01/13 06:56:21 [notice] 1#1: signal 29 (SIGIO) received
2022/01/13 06:56:21 [notice] 1#1: signal 17 (SIGCHLD) received from 32
2022/01/13 06:56:21 [notice] 1#1: worker process 32 exited with code 0
2022/01/13 06:56:21 [notice] 1#1: exit
2022/01/13 06:56:54 [notice] 1#1: using the "epoll" event method
2022/01/13 06:56:54 [notice] 1#1: nginx/1.21.3
2022/01/13 06:56:54 [notice] 1#1: built by gcc 8.3.0 (Debian 8.3.0-6) 
2022/01/13 06:56:54 [notice] 1#1: OS: Linux 5.11.0-46-generic
2022/01/13 06:56:54 [notice] 1#1: getrlimit(RLIMIT_NOFILE): 1048576:1048576
2022/01/13 06:56:54 [notice] 1#1: start worker processes
2022/01/13 06:56:54 [notice] 1#1: start worker process 31
2022/01/13 06:56:54 [notice] 1#1: start worker process 32
2022/01/13 06:56:54 [notice] 1#1: start worker process 33
2022/01/13 06:56:54 [notice] 1#1: start worker process 34
2022/01/13 06:57:01 [notice] 1#1: signal 3 (SIGQUIT) received, shutting down
2022/01/13 06:57:01 [notice] 32#32: gracefully shutting down
2022/01/13 06:57:01 [notice] 31#31: gracefully shutting down
2022/01/13 06:57:01 [notice] 34#34: gracefully shutting down
2022/01/13 06:57:01 [notice] 32#32: exiting
2022/01/13 06:57:01 [notice] 31#31: exiting
2022/01/13 06:57:01 [notice] 34#34: exiting
2022/01/13 06:57:01 [notice] 31#31: exit
2022/01/13 06:57:01 [notice] 32#32: exit
2022/01/13 06:57:01 [notice] 34#34: exit
2022/01/13 06:57:01 [notice] 33#33: gracefully shutting down
2022/01/13 06:57:01 [notice] 33#33: exiting
2022/01/13 06:57:01 [notice] 33#33: exit
2022/01/13 06:57:01 [notice] 1#1: signal 17 (SIGCHLD) received from 32
2022/01/13 06:57:01 [notice] 1#1: worker process 32 exited with code 0
2022/01/13 06:57:01 [notice] 1#1: signal 29 (SIGIO) received
2022/01/13 06:57:01 [notice] 1#1: signal 17 (SIGCHLD) received from 31
2022/01/13 06:57:01 [notice] 1#1: worker process 31 exited with code 0
2022/01/13 06:57:01 [notice] 1#1: signal 29 (SIGIO) received
2022/01/13 06:57:01 [notice] 1#1: signal 17 (SIGCHLD) received from 33
2022/01/13 06:57:01 [notice] 1#1: worker process 33 exited with code 0
2022/01/13 06:57:01 [notice] 1#1: signal 29 (SIGIO) received
2022/01/13 06:57:01 [notice] 1#1: signal 17 (SIGCHLD) received from 34
2022/01/13 06:57:01 [notice] 1#1: worker process 34 exited with code 0
2022/01/13 06:57:01 [notice] 1#1: exit
2022/01/13 06:57:20 [emerg] 1#1: host not found in upstream "fpm" in /etc/nginx/conf.d/default.conf:16
2022/01/13 06:58:11 [notice] 1#1: using the "epoll" event method
2022/01/13 06:58:11 [notice] 1#1: nginx/1.21.3
2022/01/13 06:58:11 [notice] 1#1: built by gcc 8.3.0 (Debian 8.3.0-6) 
2022/01/13 06:58:11 [notice] 1#1: OS: Linux 5.11.0-46-generic
2022/01/13 06:58:11 [notice] 1#1: getrlimit(RLIMIT_NOFILE): 1048576:1048576
2022/01/13 06:58:11 [notice] 1#1: start worker processes
2022/01/13 06:58:11 [notice] 1#1: start worker process 32
2022/01/13 06:58:11 [notice] 1#1: start worker process 33
2022/01/13 06:58:11 [notice] 1#1: start worker process 34
2022/01/13 06:58:11 [notice] 1#1: start worker process 35
2022/01/13 06:58:26 [notice] 1#1: signal 3 (SIGQUIT) received, shutting down
2022/01/13 06:58:26 [notice] 32#32: gracefully shutting down
2022/01/13 06:58:26 [notice] 35#35: gracefully shutting down
2022/01/13 06:58:26 [notice] 32#32: exiting
2022/01/13 06:58:26 [notice] 35#35: exiting
2022/01/13 06:58:26 [notice] 33#33: gracefully shutting down
2022/01/13 06:58:26 [notice] 33#33: exiting
2022/01/13 06:58:26 [notice] 32#32: exit
2022/01/13 06:58:26 [notice] 35#35: exit
2022/01/13 06:58:26 [notice] 33#33: exit
2022/01/13 06:58:26 [notice] 34#34: gracefully shutting down
2022/01/13 06:58:26 [notice] 34#34: exiting
2022/01/13 06:58:26 [notice] 34#34: exit
2022/01/13 06:58:26 [notice] 1#1: signal 17 (SIGCHLD) received from 35
2022/01/13 06:58:26 [notice] 1#1: worker process 35 exited with code 0
2022/01/13 06:58:26 [notice] 1#1: signal 29 (SIGIO) received
2022/01/13 06:58:26 [notice] 1#1: signal 17 (SIGCHLD) received from 34
2022/01/13 06:58:26 [notice] 1#1: worker process 32 exited with code 0
2022/01/13 06:58:26 [notice] 1#1: worker process 34 exited with code 0
2022/01/13 06:58:26 [notice] 1#1: signal 29 (SIGIO) received
2022/01/13 06:58:26 [notice] 1#1: signal 17 (SIGCHLD) received from 32
2022/01/13 06:58:26 [notice] 1#1: signal 17 (SIGCHLD) received from 33
2022/01/13 06:58:26 [notice] 1#1: worker process 33 exited with code 0
2022/01/13 06:58:26 [notice] 1#1: exit
2022/01/13 06:59:09 [notice] 1#1: using the "epoll" event method
2022/01/13 06:59:09 [notice] 1#1: nginx/1.21.3
2022/01/13 06:59:09 [notice] 1#1: built by gcc 8.3.0 (Debian 8.3.0-6) 
2022/01/13 06:59:09 [notice] 1#1: OS: Linux 5.11.0-46-generic
2022/01/13 06:59:09 [notice] 1#1: getrlimit(RLIMIT_NOFILE): 1048576:1048576
2022/01/13 06:59:09 [notice] 1#1: start worker processes
2022/01/13 06:59:09 [notice] 1#1: start worker process 32
2022/01/13 06:59:09 [notice] 1#1: start worker process 33
2022/01/13 06:59:09 [notice] 1#1: start worker process 34
2022/01/13 06:59:09 [notice] 1#1: start worker process 35
2022/01/13 06:59:33 [error] 32#32: *1 FastCGI sent in stderr: "Primary script unknown" while reading response header from upstream, client: 172.23.0.1, server: , request: "GET / HTTP/1.1", upstream: "fastcgi://172.23.0.3:9000", host: "localhost:84"
2022/01/13 06:59:33 [error] 32#32: *1 FastCGI sent in stderr: "Primary script unknown" while reading response header from upstream, client: 172.23.0.1, server: , request: "GET /favicon.ico HTTP/1.1", upstream: "fastcgi://172.23.0.3:9000", host: "localhost:84", referrer: "http://localhost:84/"
2022/01/13 06:59:39 [error] 32#32: *1 FastCGI sent in stderr: "Primary script unknown" while reading response header from upstream, client: 172.23.0.1, server: , request: "GET / HTTP/1.1", upstream: "fastcgi://172.23.0.3:9000", host: "localhost:84"
2022/01/13 06:59:46 [notice] 1#1: signal 3 (SIGQUIT) received, shutting down
2022/01/13 06:59:46 [notice] 32#32: gracefully shutting down
2022/01/13 06:59:46 [notice] 33#33: gracefully shutting down
2022/01/13 06:59:46 [notice] 35#35: gracefully shutting down
2022/01/13 06:59:46 [notice] 33#33: exiting
2022/01/13 06:59:46 [notice] 35#35: exiting
2022/01/13 06:59:46 [notice] 33#33: exit
2022/01/13 06:59:46 [notice] 35#35: exit
2022/01/13 06:59:46 [notice] 32#32: exiting
2022/01/13 06:59:46 [notice] 32#32: exit
2022/01/13 06:59:46 [notice] 34#34: gracefully shutting down
2022/01/13 06:59:46 [notice] 34#34: exiting
2022/01/13 06:59:46 [notice] 34#34: exit
2022/01/13 06:59:46 [notice] 1#1: signal 17 (SIGCHLD) received from 34
2022/01/13 06:59:46 [notice] 1#1: worker process 32 exited with code 0
2022/01/13 06:59:46 [notice] 1#1: worker process 34 exited with code 0
2022/01/13 06:59:46 [notice] 1#1: signal 29 (SIGIO) received
2022/01/13 06:59:46 [notice] 1#1: signal 17 (SIGCHLD) received from 35
2022/01/13 06:59:46 [notice] 1#1: worker process 35 exited with code 0
2022/01/13 06:59:46 [notice] 1#1: signal 29 (SIGIO) received
2022/01/13 06:59:46 [notice] 1#1: signal 17 (SIGCHLD) received from 33
2022/01/13 06:59:46 [notice] 1#1: worker process 33 exited with code 0
2022/01/13 06:59:46 [notice] 1#1: exit
2022/01/13 06:59:52 [notice] 1#1: using the "epoll" event method
2022/01/13 06:59:52 [notice] 1#1: nginx/1.21.3
2022/01/13 06:59:52 [notice] 1#1: built by gcc 8.3.0 (Debian 8.3.0-6) 
2022/01/13 06:59:52 [notice] 1#1: OS: Linux 5.11.0-46-generic
2022/01/13 06:59:52 [notice] 1#1: getrlimit(RLIMIT_NOFILE): 1048576:1048576
2022/01/13 06:59:52 [notice] 1#1: start worker processes
2022/01/13 06:59:52 [notice] 1#1: start worker process 30
2022/01/13 06:59:52 [notice] 1#1: start worker process 31
2022/01/13 06:59:52 [notice] 1#1: start worker process 32
2022/01/13 06:59:52 [notice] 1#1: start worker process 33
2022/01/13 07:08:39 [error] 33#33: *1 FastCGI sent in stderr: "PHP message: [error] Uncaught PHP Exception Symfony\Component\HttpKernel\Exception\NotFoundHttpException: "No route found for "GET http://localhost:84/"" at /var/www/html/vendor/symfony/http-kernel/EventListener/RouterListener.php line 135" while reading response header from upstream, client: 172.23.0.1, server: , request: "GET / HTTP/1.1", upstream: "fastcgi://172.23.0.3:9000", host: "localhost:84"
2022/01/13 07:44:48 [error] 33#33: *17 FastCGI sent in stderr: "PHP message: PHP Fatal error:  Cannot declare class Test, because the name is already in use in /var/www/html/src/Controller/Test.php on line 0" while reading response header from upstream, client: 172.23.0.1, server: , request: "GET / HTTP/1.1", upstream: "fastcgi://172.23.0.3:9000", host: "localhost:84"
2022/01/13 07:46:44 [error] 33#33: *20 FastCGI sent in stderr: "PHP message: PHP Fatal error:  Cannot declare class TestController, because the name is already in use in /var/www/html/src/Controller/TestController.php on line 6" while reading response header from upstream, client: 172.23.0.1, server: , request: "GET / HTTP/1.1", upstream: "fastcgi://172.23.0.3:9000", host: "localhost:84"
2022/01/13 07:49:25 [error] 33#33: *23 FastCGI sent in stderr: "PHP message: PHP Fatal error:  Cannot declare class HomeController, because the name is already in use in /var/www/html/src/Controller/HomeController.php on line 0" while reading response header from upstream, client: 172.23.0.1, server: , request: "GET / HTTP/1.1", upstream: "fastcgi://172.23.0.3:9000", host: "localhost:84"
2022/01/13 07:50:05 [error] 33#33: *26 FastCGI sent in stderr: "PHP message: PHP Fatal error:  Cannot declare class HomeController, because the name is already in use in /var/www/html/src/Controller/HomeController.php on line 6" while reading response header from upstream, client: 172.23.0.1, server: , request: "GET / HTTP/1.1", upstream: "fastcgi://172.23.0.3:9000", host: "localhost:84"
2022/01/13 07:51:34 [error] 33#33: *30 FastCGI sent in stderr: "PHP message: PHP Fatal error:  Cannot declare class ABCController, because the name is already in use in /var/www/html/src/Controller/ABCController.php on line 4" while reading response header from upstream, client: 172.23.0.1, server: , request: "GET / HTTP/1.1", upstream: "fastcgi://172.23.0.3:9000", host: "localhost:84"
2022/01/13 07:58:42 [error] 33#33: *34 FastCGI sent in stderr: "PHP message: PHP Fatal error:  Cannot declare class App\Controller\ABCController\ABCController, because the name is already in use in /var/www/html/src/Controller/ABCController.php on line 7" while reading response header from upstream, client: 172.23.0.1, server: , request: "GET / HTTP/1.1", upstream: "fastcgi://172.23.0.3:9000", host: "localhost:84"
